{"/Users/wittenpan/Desktop/Keyploy/public_api_assignment/server/index.js": {"path":"/Users/wittenpan/Desktop/Keyploy/public_api_assignment/server/index.js","statementMap":{"0":{"start":{"line":1,"column":0},"end":{"line":1,"column":27}},"1":{"start":{"line":2,"column":16},"end":{"line":2,"column":34}},"2":{"start":{"line":3,"column":13},"end":{"line":3,"column":28}},"3":{"start":{"line":5,"column":12},"end":{"line":5,"column":21}},"4":{"start":{"line":6,"column":0},"end":{"line":6,"column":16}},"5":{"start":{"line":7,"column":0},"end":{"line":7,"column":24}},"6":{"start":{"line":9,"column":20},"end":{"line":9,"column":45}},"7":{"start":{"line":10,"column":0},"end":{"line":10,"column":31}},"8":{"start":{"line":12,"column":13},"end":{"line":12,"column":37}},"9":{"start":{"line":13,"column":0},"end":{"line":15,"column":3}},"10":{"start":{"line":14,"column":2},"end":{"line":14,"column":60}},"11":{"start":{"line":16,"column":0},"end":{"line":16,"column":21}}},"fnMap":{"0":{"name":"(anonymous_0)","decl":{"start":{"line":13,"column":17},"end":{"line":13,"column":18}},"loc":{"start":{"line":13,"column":23},"end":{"line":15,"column":1}},"line":13}},"branchMap":{"0":{"loc":{"start":{"line":12,"column":13},"end":{"line":12,"column":37}},"type":"binary-expr","locations":[{"start":{"line":12,"column":13},"end":{"line":12,"column":29}},{"start":{"line":12,"column":33},"end":{"line":12,"column":37}}],"line":12}},"s":{"0":1,"1":1,"2":1,"3":1,"4":1,"5":1,"6":1,"7":1,"8":1,"9":1,"10":1,"11":1},"f":{"0":1},"b":{"0":[1,1]},"_coverageSchema":"1a1c01bbd47fc00a2c39e90264f33305004495a9","hash":"55412a41dd610ad551cac1b47ba4742891b4ea82"}
,"/Users/wittenpan/Desktop/Keyploy/public_api_assignment/server/db/supabase.js": {"path":"/Users/wittenpan/Desktop/Keyploy/public_api_assignment/server/db/supabase.js","statementMap":{"0":{"start":{"line":1,"column":15},"end":{"line":1,"column":19}},"1":{"start":{"line":3,"column":2},"end":{"line":3,"column":32}},"2":{"start":{"line":3,"column":16},"end":{"line":3,"column":32}},"3":{"start":{"line":4,"column":27},"end":{"line":4,"column":59}},"4":{"start":{"line":5,"column":2},"end":{"line":5,"column":29}},"5":{"start":{"line":6,"column":2},"end":{"line":9,"column":4}},"6":{"start":{"line":10,"column":2},"end":{"line":10,"column":18}},"7":{"start":{"line":13,"column":0},"end":{"line":13,"column":37}}},"fnMap":{"0":{"name":"getSupabaseClient","decl":{"start":{"line":2,"column":9},"end":{"line":2,"column":26}},"loc":{"start":{"line":2,"column":29},"end":{"line":11,"column":1}},"line":2}},"branchMap":{"0":{"loc":{"start":{"line":3,"column":2},"end":{"line":3,"column":32}},"type":"if","locations":[{"start":{"line":3,"column":2},"end":{"line":3,"column":32}},{"start":{},"end":{}}],"line":3}},"s":{"0":3,"1":3,"2":0,"3":3,"4":3,"5":3,"6":3,"7":3},"f":{"0":3},"b":{"0":[0,3]},"_coverageSchema":"1a1c01bbd47fc00a2c39e90264f33305004495a9","hash":"529c4c8ffeb1b8a6336a878ca030d7619d6f6371"}
,"/Users/wittenpan/Desktop/Keyploy/public_api_assignment/server/routes/todos.js": {"path":"/Users/wittenpan/Desktop/Keyploy/public_api_assignment/server/routes/todos.js","statementMap":{"0":{"start":{"line":1,"column":16},"end":{"line":1,"column":34}},"1":{"start":{"line":2,"column":15},"end":{"line":2,"column":31}},"2":{"start":{"line":3,"column":17},"end":{"line":3,"column":42}},"3":{"start":{"line":6,"column":0},"end":{"line":10,"column":3}},"4":{"start":{"line":7,"column":26},"end":{"line":7,"column":78}},"5":{"start":{"line":8,"column":2},"end":{"line":8,"column":52}},"6":{"start":{"line":8,"column":13},"end":{"line":8,"column":52}},"7":{"start":{"line":9,"column":2},"end":{"line":9,"column":17}},"8":{"start":{"line":12,"column":0},"end":{"line":26,"column":3}},"9":{"start":{"line":13,"column":20},"end":{"line":13,"column":28}},"10":{"start":{"line":15,"column":26},"end":{"line":18,"column":13}},"11":{"start":{"line":20,"column":2},"end":{"line":23,"column":3}},"12":{"start":{"line":21,"column":4},"end":{"line":21,"column":68}},"13":{"start":{"line":22,"column":4},"end":{"line":22,"column":67}},"14":{"start":{"line":25,"column":2},"end":{"line":25,"column":32}},"15":{"start":{"line":29,"column":0},"end":{"line":41,"column":3}},"16":{"start":{"line":30,"column":17},"end":{"line":30,"column":27}},"17":{"start":{"line":31,"column":31},"end":{"line":31,"column":39}},"18":{"start":{"line":33,"column":26},"end":{"line":37,"column":13}},"19":{"start":{"line":39,"column":2},"end":{"line":39,"column":52}},"20":{"start":{"line":39,"column":13},"end":{"line":39,"column":52}},"21":{"start":{"line":40,"column":2},"end":{"line":40,"column":20}},"22":{"start":{"line":44,"column":0},"end":{"line":49,"column":3}},"23":{"start":{"line":45,"column":17},"end":{"line":45,"column":27}},"24":{"start":{"line":46,"column":20},"end":{"line":46,"column":70}},"25":{"start":{"line":47,"column":2},"end":{"line":47,"column":52}},"26":{"start":{"line":47,"column":13},"end":{"line":47,"column":52}},"27":{"start":{"line":48,"column":2},"end":{"line":48,"column":25}},"28":{"start":{"line":51,"column":0},"end":{"line":51,"column":24}}},"fnMap":{"0":{"name":"(anonymous_0)","decl":{"start":{"line":6,"column":16},"end":{"line":6,"column":17}},"loc":{"start":{"line":6,"column":36},"end":{"line":10,"column":1}},"line":6},"1":{"name":"(anonymous_1)","decl":{"start":{"line":12,"column":17},"end":{"line":12,"column":18}},"loc":{"start":{"line":12,"column":37},"end":{"line":26,"column":1}},"line":12},"2":{"name":"(anonymous_2)","decl":{"start":{"line":29,"column":19},"end":{"line":29,"column":20}},"loc":{"start":{"line":29,"column":39},"end":{"line":41,"column":1}},"line":29},"3":{"name":"(anonymous_3)","decl":{"start":{"line":44,"column":22},"end":{"line":44,"column":23}},"loc":{"start":{"line":44,"column":42},"end":{"line":49,"column":1}},"line":44}},"branchMap":{"0":{"loc":{"start":{"line":8,"column":2},"end":{"line":8,"column":52}},"type":"if","locations":[{"start":{"line":8,"column":2},"end":{"line":8,"column":52}},{"start":{},"end":{}}],"line":8},"1":{"loc":{"start":{"line":20,"column":2},"end":{"line":23,"column":3}},"type":"if","locations":[{"start":{"line":20,"column":2},"end":{"line":23,"column":3}},{"start":{},"end":{}}],"line":20},"2":{"loc":{"start":{"line":21,"column":44},"end":{"line":21,"column":66}},"type":"binary-expr","locations":[{"start":{"line":21,"column":44},"end":{"line":21,"column":57}},{"start":{"line":21,"column":61},"end":{"line":21,"column":66}}],"line":21},"3":{"loc":{"start":{"line":22,"column":41},"end":{"line":22,"column":63}},"type":"binary-expr","locations":[{"start":{"line":22,"column":41},"end":{"line":22,"column":54}},{"start":{"line":22,"column":58},"end":{"line":22,"column":63}}],"line":22},"4":{"loc":{"start":{"line":39,"column":2},"end":{"line":39,"column":52}},"type":"if","locations":[{"start":{"line":39,"column":2},"end":{"line":39,"column":52}},{"start":{},"end":{}}],"line":39},"5":{"loc":{"start":{"line":47,"column":2},"end":{"line":47,"column":52}},"type":"if","locations":[{"start":{"line":47,"column":2},"end":{"line":47,"column":52}},{"start":{},"end":{}}],"line":47}},"s":{"0":1,"1":1,"2":1,"3":1,"4":1,"5":1,"6":0,"7":1,"8":1,"9":1,"10":1,"11":1,"12":0,"13":0,"14":1,"15":1,"16":1,"17":1,"18":1,"19":1,"20":0,"21":1,"22":1,"23":1,"24":1,"25":1,"26":0,"27":1,"28":1},"f":{"0":1,"1":1,"2":1,"3":1},"b":{"0":[0,1],"1":[0,1],"2":[0,0],"3":[0,0],"4":[0,1],"5":[0,1]},"_coverageSchema":"1a1c01bbd47fc00a2c39e90264f33305004495a9","hash":"c395e82c839b9490490a1e23b23c1561029b132b"}
}
